         w __deregister_frame_info
         w __register_frame_info
         w userAppExit
         w userAppInit
00000000 00000802 B __ctru_dev_utf16_buf
00000000 b _TLS_MODULE_BASE_
00000000 a shift
00000000 a shift
00000804 00000401 B __ctru_dev_path_buf
00100000 A __start__
00100000 T _start
00100008 T __service_ptr
0010000c T __apt_appid
00100010 T __heap_size
00100014 T __linear_heap_size
00100018 T __system_arglist
0010001c T __system_runflags
00100020 t startup
00100058 t ClearMem
0010006c t ClrLoop
00100094 T _init
001000ac t .udivsi3_skip_div0_test
001000ac T __aeabi_uidiv
001000ac 000001ec T __udivsi3
00100298 00000020 T __aeabi_uidivmod
001002b8 T __aeabi_idiv
001002b8 00000220 T __divsi3
001002c0 t .divsi3_skip_div0_test
001004d8 00000020 T __aeabi_idivmod
001004f8 00000004 W __aeabi_idiv0
001004f8 00000004 W __aeabi_ldiv0
001004fc T __aeabi_ldivmod
001005d0 T __aeabi_uldivmod
00100628 00000390 T strcmp
001009b0 T __aeabi_drsub
001009b8 000002b0 T __aeabi_dsub
001009b8 000002b0 T __subdf3
001009bc 000002ac T __adddf3
001009bc 000002ac T __aeabi_dadd
00100c68 00000024 T __aeabi_ui2d
00100c68 00000024 T __floatunsidf
00100c8c 00000028 T __aeabi_i2d
00100c8c 00000028 T __floatsidf
00100cb4 00000048 T __aeabi_f2d
00100cb4 00000048 T __extendsfdf2
00100cfc 00000074 T __aeabi_ul2d
00100cfc 00000074 T __floatundidf
00100d10 00000060 T __aeabi_l2d
00100d10 00000060 T __floatdidf
00100d70 t __do_global_dtors_aux
00100db0 t frame_dummy
00100ddc 00000200 T main
00100fdc 000001f4 t parseColor
001011d0 000001ac T consoleDrawChar
0010137c 00000124 T consolePrintChar
001014a0 00000be4 T con_write
00102084 000000fc t newRow
00102180 00000168 T consoleInit
001022e8 000000d0 t gfxPresentFramebuffer
001023b8 0000001c T gfxIsWide
001023d4 000000ec T gfxSetScreenFormat
001024c0 00000010 T gfxSetDoubleBuffering
001024d0 000000e0 T gfxInit
001025b0 00000010 T gfxInitDefault
001025c0 000000b4 T gfxExit
00102674 000000a0 T gfxGetFramebuffer
00102714 00000104 T gfxFlushBuffers
00102818 00000050 T gfxSwapBuffers
00102868 00000050 T gfxSwapBuffersGpu
001028b8 00000c64 t gspHardwareInit
0010351c 00000248 T gspInit
00103764 000000f0 T gspExit
00103854 00000010 T gspHasGpuRight
00103864 000000a0 T gspPresentBuffer
00103904 00000044 T gspWaitForEvent
00103948 00000004 W gxCmdQueueInterrupt
0010394c 00000158 t gspEventThreadMain
00103aa4 00000050 T GSPGPU_FlushDataCache
00103af4 00000034 T GSPGPU_SetLcdForceBlack
00103b28 00000068 T GSPGPU_AcquireRight
00103b90 00000048 T GSPGPU_ReleaseRight
00103bd8 0000007c T GSPGPU_ImportDisplayCaptureInfo
00103c54 0000002c T GSPGPU_SaveVramSysArea
00103c80 0000002c T GSPGPU_RestoreVramSysArea
00103cac 00000024 W hidShouldUseIrrst
00103cd0 0000018c T hidInit
00103e5c 000000e8 T hidExit
00103f44 000002a4 T hidScanInput
001041e8 00000010 T hidKeysDown
001041f8 000000a4 T amInit
0010429c 00000048 T AM_GetTitleCount
001042e4 0000005c T AM_GetTitleList
00104340 000001ac t aptConvertScreenForCapture
001044ec 00000008 W aptDspSleep
001044f4 00000004 W aptDspWakeup
001044f8 00000004 W aptDspCancel
001044fc 00000158 T aptSendCommand
00104658 00000044 t aptExitProcess
0010469c 00000050 T aptSetChainloader
001046ec 0000038c T aptExit
00104a78 000000e0 T aptHandleSleep
00104b58 00000084 T APT_SleepIfShellClosed
00104bdc 00000084 T aptSetSleepAllowed
00104c60 00000084 T APT_UnlockTransition
00104ce8 000004a4 t aptEventHandler
0010518c 000000b0 T APT_ReceiveParameter
0010523c 000000ac t aptReceiveParameter.constprop.0
001052e8 000002ac t aptScreenTransfer
00105594 00000320 t aptWaitForWakeUp.isra.0
001058b4 000000f8 T aptJumpToHomeMenu
001059ac 00000048 T aptMainLoop
001059f4 0000022c T aptInit
00105c20 0000007c T APT_CheckNew3DS
00105c9c 000000c0 T utf8_to_utf16
00105d5c 0000013c T decode_utf8
00105e98 00000038 W __libctru_init
00105ed0 00000170 W __system_initArgv
00106040 T svcControlMemory
00106060 T svcQueryMemory
00106090 T svcExitProcess
00106098 T svcCreateThread
001060b8 T svcExitThread
001060c0 T svcSleepThread
001060c8 T svcReleaseMutex
001060d0 T svcCreateEvent
001060e4 T svcSignalEvent
001060ec T svcClearEvent
001060f4 T svcMapMemoryBlock
001060fc T svcUnmapMemoryBlock
00106104 T svcCreateAddressArbiter
00106118 T svcArbitrateAddressNoTimeout
00106120 T svcCloseHandle
00106128 T svcWaitSynchronization
00106130 T svcWaitSynchronizationN
00106158 T svcDuplicateHandle
0010616c T svcGetSystemTick
00106174 T svcConnectToPort
00106188 T svcSendSyncRequest
00106190 T svcGetResourceLimit
001061a4 T svcGetResourceLimitLimitValues
001061ac T svcGetResourceLimitCurrentValues
001061b4 T svcBreak
001061bc W initSystem
0010620c W __ctru_exit
00106224 00000024 t addrMapNodeComparator(rbtree_node const*, rbtree_node const*)
00106248 00000004 t addrMapNodeDestructor(rbtree_node*)
0010624c 0000024c T vramMemAlignAt
00106498 0000000c T vramAlloc
001064a4 00000090 T vramFree
00106534 00000024 t addrMapNodeComparator(rbtree_node const*, rbtree_node const*)
00106558 00000004 t addrMapNodeDestructor(rbtree_node*)
0010655c 00000120 T linearMemAlign
0010667c 00000008 T linearAlloc
00106684 0000005c T linearFree
001066e0 00000080 T MemPool::CoalesceRight(MemBlock*)
00106760 0000016c T MemPool::Allocate(MemChunk&, unsigned long, int)
001068cc 000000fc T MemPool::Deallocate(MemChunk const&)
001069c8 00000030 T MemPool::GetFreeSpace()
001069f8 0000000c T __sync_init
00106a04 00000018 T __sync_fini
00106a1c 0000002c T syncArbitrateAddress
00106a48 000000ac T LightLock_Lock
00106af4 00000040 T LightLock_Unlock
00106b34 00000030 T RecursiveLock_Lock
00106b64 00000054 T RecursiveLock_Unlock
00106bb8 00000040 T LightEvent_Init
00106bf8 000000a4 T LightEvent_Clear
00106c9c 000000c8 T LightEvent_Signal
00106d64 00000050 T LightEvent_TryWait
00106db4 000000a0 T LightEvent_Wait
00106e54 00000054 T osGetTimeRef
00106ea8 000000ec T osGetTime
00106f94 00000034 T __ctru_speedup_config
00106fc8 0000012c T srvInit
001070f4 00000058 T srvExit
0010714c 00000060 T srvEnableNotification
001071ac 000000a0 T srvGetServiceHandleDirect
0010724c 00000038 T srvGetServiceHandle
00107284 00000034 T srvSubscribe
001072b8 00000060 T srvReceiveNotification
00107318 00000038 T srvPublishToSubscriber
00107350 000001d8 T threadCreate
00107528 0000002c T threadFree
00107554 00000024 T threadJoin
00107578 00000030 T threadGetCurrent
001075a8 00000040 T threadExit
001075e8 00000020 t _thread_begin
00107608 000000b4 t mappableFindAddressWithin
001076bc 00000028 T mappableInit
001076e4 00000080 T mappableAlloc
00107764 00000004 T mappableFree
00107768 00000160 T irrstInit
001078c8 000000cc T irrstExit
00107994 000000b4 T irrstScanInput
00107a48 00000024 T irrstKeysHeld
00107a6c 0000000c T srvPmGetSessionHandle
00107a78 00000074 T ptmSysmInit
00107aec 0000003c T ptmSysmExit
00107b28 00000034 T PTMSYSM_ConfigureNew3DSCPU
00107b5c 00000010 T rbtree_init
00107b6c 000001b0 t do_insert
00107d1c 00000008 T rbtree_insert
00107d24 00000090 T rbtree_rotate
00107db4 00000318 T rbtree_remove
001080cc 00000074 T rbtree_find
00108140 00000054 T encode_utf16
00108194 00000030 W __appInit
001081c4 00000030 T __syscall_getreent
001081f4 00000064 T __syscall_gettod_r
00108258 00000004 T __syscall_lock_acquire
0010825c 00000004 T __syscall_lock_release
00108260 00000004 T __syscall_lock_acquire_recursive
00108264 00000004 T __syscall_lock_release_recursive
00108268 00000004 T __syscall_exit
0010826c 00000050 T initThreadVars
001082bc 00000080 T __system_initSyscalls
00108340 000001e0 W __system_allocateHeaps
00108520 00000030 W __appExit
00108550 00000090 W __libctru_exit
001085e0 00000084 W envGetHandle
00108664 00000050 W envDestroyHandles
001086b4 00000014 t archive_link
001086c8 00000014 t archive_dirreset
001086dc 00000014 t archive_chmod
001086f0 00000024 t error_cmp
00108714 00000050 t archive_translate_error
00108764 000000c8 t archive_seek
0010882c 0000007c t _archiveInit.part.0
001088a8 000000c4 t archiveFindDevice.part.0
0010896c 00000280 t archive_utf16path
00108bec 0000009c t _archiveUnmountDeviceStruct.part.0
00108c88 00000014 t archive_fchmod
00108c9c 00000014 t archive_statvfs
00108cb0 00000164 t _archiveMountDevice
00108e14 000000e8 t archive_diropen
00108efc 000000a4 t archive_fstat
00108fa0 0000006c t archive_fsync
0010900c 0000006c t archive_close
00109078 00000070 t archive_dirclose
001090e8 000000e8 t sdmc_statvfs
001091d0 000000ec t archive_chdir
001092bc 0000007c t archive_ftruncate
00109338 000000ac t archive_read
001093e4 000000a4 t archive_unlink
00109488 000000bc t archive_rmdir
00109544 000000dc t archive_mkdir
00109620 00000194 t archive_stat
001097b4 00000160 t archive_dirnext
00109914 00000124 t archive_write
00109a38 0000020c t archive_open
00109c44 00000278 t archive_rename
00109ebc 0000019c T archiveMountSdmc
0010a058 00000054 T archiveUnmountAll
0010a0ac 000000cc T fsInit
0010a178 0000003c T fsExit
0010a1b4 00000060 T fsExemptFromSession
0010a214 00000050 T fsUnexemptFromSession
0010a264 000000cc T FSUSER_OpenFile
0010a330 000000bc T FSUSER_DeleteFile
0010a3ec 000000f8 T FSUSER_RenameFile
0010a4e4 000000bc T FSUSER_DeleteDirectory
0010a5a0 000000d4 T FSUSER_CreateFile
0010a674 000000c4 T FSUSER_CreateDirectory
0010a738 000000f8 T FSUSER_RenameDirectory
0010a830 000000b4 T FSUSER_OpenDirectory
0010a8e4 00000094 T FSUSER_OpenArchive
0010a978 0000008c T FSUSER_CloseArchive
0010aa04 00000074 T FSUSER_GetSdmcArchiveResource
0010aa78 00000064 T FSUSER_IsSdmcWritable
0010aadc 00000058 T FSFILE_Read
0010ab34 00000060 T FSFILE_Write
0010ab94 00000038 T FSFILE_GetSize
0010abcc 00000028 T FSFILE_SetSize
0010abf4 0000003c T FSFILE_Close
0010ac30 00000024 T FSFILE_Flush
0010ac54 00000050 T FSDIR_Read
0010aca4 0000003c T FSDIR_Close
0010ace0 0000005c T rbtree_node_next
0010ad3c 000000e8 T utf16_to_utf8
0010ae24 T __aeabi_read_tp
0010ae30 000000e0 T encode_utf8
0010af10 00000064 T decode_utf16
0010af74 00000120 T __udivmoddi4
0010b094 00000034 T printf
0010b0c8 00000020 T memalign
0010b0e8 0000014c T _memalign_r
0010b234 00000078 T bsearch
0010b2ac 00000074 T sscanf
0010b320 00000044 T __sread
0010b364 00000008 T __seofread
0010b36c 00000068 T __swrite
0010b3d4 00000044 T __sseek
0010b418 00000008 T __sclose
0010b420 0000025c T setvbuf
0010b67c 00000004 W __call_exitprocs
0010b680 00000030 T exit
0010b6b0 000000f8 T _malloc_trim_r
0010b7a8 000002e8 T _free_r
0010ba90 00000018 T malloc
0010baa8 00000018 T free
0010bac0 00000050 t get_arg
0010bb10 00002bf8 T __ssvfscanf_r
0010e708 0000079c T _malloc_r
0010eea4 000000f4 T memset
0010ef98 0000000c T __malloc_lock
0010efa4 0000000c T __malloc_unlock
0010efb0 0000064c t get_arg
0010f600 00003378 T _vfprintf_r
00112978 000000b8 t __sbprintf
00112a30 00000090 T strlen
00112ac0 0000022c T __sflush_r
00112cec 00000094 T _fflush_r
00112d80 000000e4 T strncat
00112e64 000000e4 T strncmp
00112f48 00000070 T _fwalk_sglue
00112fb8 000000c4 T strncpy
0011307c 0000001c t stdio_exit_handler
00113098 0000005c t cleanup_stdio
001130f4 00000154 t global_stdio_init.part.0
00113248 0000005c T __sinit
001132a4 0000000c T __sfp_lock_acquire
001132b0 0000000c T __sfp_lock_release
001132bc 0000001c T srand
001132d8 00000044 T rand
0011331c 00000048 T strnlen
00113364 00000064 t sulp
001133c8 000013a4 T _strtod_l
0011476c 0000003c T _strtod_r
001147a8 000001b0 t _strtol_l.part.0
00114958 00000060 T _strtol_r
001149b8 00000020 T realloc
001149d8 000001d8 t _strtoul_l.isra.0
00114bb0 00000030 T _strtoul_r
00114be0 00000034 T strtoul
00114c14 00000024 T __locale_mb_cur_max
00114c38 0000004c T time
00114c84 00000024 T _localeconv_r
00114ca8 000000e0 T memchr
00114d88 000000f0 T __utf8_wctomb
00114e78 0000011c T memcpy
00114f94 000000dc T stpncpy
00115070 00000084 T __libc_init_array
001150f4 0000003c T __libc_fini_array
00115130 0000000c T __errno
00115140 00000010 T nan
00115150 0000000c T nanf
00115160 00000088 T frexp
001151e8 00000234 t _strtoll_l.isra.0
0011541c 00000030 T _strtoll_r
0011544c 0000025c t _strtoull_l.isra.0
001156a8 00000030 T _strtoull_r
001156d8 00000008 T iswspace
001156e0 000000b4 T _mbrtowc_r
00115794 0000012c T __smakebuf_r
001158c0 0000008c T __swhatbuf_r
0011594c 000000a0 T _wcrtomb_r
001159ec 00000038 T iswspace_l
00115a24 00000028 T _wcsrtombs_r
00115a4c 00000064 T sprintf
00115ab0 000000f0 T __sccl
00115ba0 00000090 T category
00115c30 0000064c t get_arg
0011627c 00000030 T __sprint_r
001162ac 00002304 T _vfiprintf_r
001185b0 000000b8 t __sbprintf
00118668 0000018c T __ssprint_r
001187f4 000000e0 T _sungetc_r
001188d4 0000006c T __ssrefill_r
00118940 000000c4 T _sfread_r
00118a04 00000138 T __swsetup_r
00118b3c 000000f0 t rshift
00118c2c 0000089c T __gethex
001194c8 000001b4 t quorem
00119680 00001218 T _dtoa_r
0011a898 00000130 T strchr
0011a9c8 00000148 T _fclose_r
0011ab10 0000064c t get_arg
0011b160 00003324 T _svfprintf_r
0011e484 0000004c T __match
0011e4d0 0000029c T __hexnan
0011e76c 00000150 T memmove
0011e8bc 00000088 T _Balloc
0011e944 0000001c T _Bfree
0011e960 000000f4 T __multadd
0011ea54 00000110 T __s2b
0011eb64 00000060 T __hi0bits
0011ebc4 0000009c T __lo0bits
0011ec60 000000a4 T __i2b
0011ed04 00000204 T __multiply
0011ef08 00000128 T __pow5mult
0011f030 00000140 T __lshift
0011f170 00000058 T __mcmp
0011f1c8 000001fc T __mdiff
0011f3c4 00000068 T __ulp
0011f42c 000000d0 T __b2d
0011f4fc 00000124 T __d2b
0011f620 00000078 T __ratio
0011f698 00000088 T __copybits
0011f720 0000005c T __any_on
0011f77c 000004b4 T __sfvwrite_r
0011fc30 000004a0 T _realloc_r
001200d0 000002f8 T __utf8_mbtowc
001203c8 00000188 T _wcsnrtombs_l
00120550 00000064 T _wcsnrtombs_r
001205b4 000000a8 T __submore
0012065c 000000c0 T _calloc_r
0012071c 0000005c T __assert_func
00120778 0000003c T fiprintf
001207b4 00000014 T abort
001207c8 00000090 T _raise_r
00120858 00000018 T raise
00120870 00000020 T _exit
00120890 0000013c T chdir
001209cc 000001cc T _concatenate_path
00120b98 00000078 T _fstat_r
00120c10 00000014 T _getpid_r
00120c24 0000002c T __getreent
00120c50 00000030 T _gettimeofday_r
00120c80 0000003c T __get_handle
00120cbc 000000f4 T _close_r
00120db0 00000008 t null_write
00120db8 00000018 T setDefaultDevice
00120dd0 000000c8 T FindDevice
00120e98 00000028 T RemoveDevice
00120ec0 0000009c T AddDevice
00120f5c 00000020 T GetDeviceOpTab
00120f7c 00000008 T _isatty_r
00120f84 00000014 T _kill_r
00120f98 00000084 T _lseek_r
0012101c 00000080 T _read_r
0012109c 00000078 W _sbrk_r
00121114 0000001c T __libc_lock_acquire
00121130 0000001c T __libc_lock_release
0012114c 0000001c T __libc_lock_acquire_recursive
00121168 0000001c T __libc_lock_release_recursive
00121184 00000080 T _write_r
00121204 00000038 T __aeabi_d2lz
00121204 00000038 T __fixdfdi
00121240 00000040 T __aeabi_d2ulz
00121240 00000040 T __fixunsdfdi
00121280 00000048 T strrchr
001212c8 T _fini
00122130 00000080 r dotab_stdout
001221b0 00000018 r grayScale
001221c8 00000006 r colorCube
001221d0 00000030 r colorTable
00122254 00000008 r morton_y.2
0012225c 00000008 r morton_x.3
00122264 00000008 r s_sleepWakeEvents.4
00122278 R default_font_bin
00122a78 R default_font_bin_end
00122aac 00000030 r error_table
00122ae4 00000080 r archive_devoptab
00122b74 00000022 r basefix.0
00122bd4 00000010 r zeroes.0
00122be4 00000010 r blanks.1
00122c08 00000014 r fpinan.0
00122c1c 00000014 r fpi.1
00122c30 00000028 r tinytens
00122c9c 00000101 R _ctype_
00122da0 00003528 r categories
001262c8 00000010 r zeroes.0
001262d8 00000010 r blanks.1
001262e8 0000006c R __action_table
00126354 0000006c R __state_table
001263c0 00000100 R __chclass
00126520 00000100 R __hexdig
00126630 r .LC2
00126678 00000010 r zeroes.0
00126688 00000010 r blanks.1
001266dc 0000000c r p05.0
001266e8 00000028 R __mprec_bigtens
00126710 000000c8 R __mprec_tens
00126818 00000080 R dotab_stdnull
00126898 R __tdata_align
0012689c r __EH_FRAME_BEGIN__
0012689c R __exidx_end
0012689c R __exidx_start
00127000 00000001 d firstConsoleInit.0
00127004 00000004 D currentConsole
00127008 00000048 D defaultConsole
00127050 00000004 d kCount
00127054 00000004 d kInterval
00127058 00000004 d kDelay
0012705c 00000004 d aptChainloadDeliverArgSize
00127060 W __stacksize__
00127064 00000004 D __malloc_sbrk_base
00127068 00000004 D __malloc_trim_threshold
00127070 00000408 D __malloc_av_
00127478 0000000c D __sglue
00127484 0000016c D __global_locale
001275f0 00000004 D _impure_ptr
001275f8 00000120 D _impure_data
00127718 00000400 d _current_working_directory
00127b18 00001000 d handles
00128b18 0000000c d __stderr_handle
00128b24 0000000c d __stdout_handle
00128b30 0000000c d __stdin_handle
00128b3c 0000008c D devoptab_list
00128bc8 00000004 d defaultDevice
00128bd4 d _GLOBAL_OFFSET_TABLE_
00128be0 d __frame_dummy_init_array_entry
00128be0 D __init_array_start
00128be0 B __preinit_array_end
00128be0 B __preinit_array_start
00128be0 D __tdata_lma
00128be0 D __tdata_lma_end
00128be4 d __do_global_dtors_aux_fini_array_entry
00128be4 D __fini_array_start
00128be4 D __init_array_end
00128be8 D __bss_start__
00128be8 D __fini_array_end
00128be8 b completed.1
00128bec b object.0
00128c04 00000048 B currentCopy
00128c4c 00000004 b screenAlloc
00128c50 00000004 b screenFree
00128c54 00000002 b gfxIsDoubleBuf
00128c58 00000002 b gfxCurBuf
00128c5a 00000001 b gfxIsVram
00128c5b 00000001 b gfxTopMode
00128c5c 00000002 b gfxFramebufferFormats
00128c60 00000004 b gfxBottomFramebufferMaxSize
00128c64 00000004 b gfxTopFramebufferMaxSize
00128c68 00000008 b gfxBottomFramebuffers
00128c70 00000008 b gfxTopFramebuffers
00128c78 00000007 b gspEventCbOneShot
00128c80 0000001c b gspEventCbData
00128c9c 0000001c b gspEventCb
00128cb8 00000038 b gspEvents
00128cf0 00000004 b gspLastEvent
00128cf4 00000001 b gspRunEvents
00128cf8 00000004 b gspEventThread
00128cfc 00000004 b gspEvent
00128d00 00000001 b gspGpuRight
00128d01 00000001 b gspThreadId
00128d04 00000004 b gspSharedMem
00128d08 00000004 b gspSharedMemHandle
00128d0c 00000004 b gspRefCount
00128d10 00000004 b gspGpuHandle
00128d14 00000001 b usingIrrst
00128d18 00000004 b hidRefCount
00128d1c 00000006 b gRate
00128d24 00000006 b aVec
00128d2c 00000004 b cPos
00128d30 00000004 b tPos
00128d34 00000004 b kRepeat
00128d38 00000004 b kUp
00128d3c 00000004 b kDown
00128d40 00000004 b kHeld
00128d44 00000004 b kOld
00128d48 00000004 B hidSharedMem
00128d4c 00000014 B hidEvents
00128d60 00000004 B hidMemHandle
00128d64 00000004 B hidHandle
00128d68 00000004 b amRefCount
00128d6c 00000004 b amHandle
00128d70 00000001 b flagValue.0
00128d71 00000001 b flagInit.1
00128d74 00000004 b serviceName.6
00128d78 00000001 b aptChainloadFlags
00128d79 00000001 b aptChainloadMediatype
00128d7c 00000020 b aptChainloadHmac
00128d9c 00000300 b aptChainloadDeliverArg
001290a0 00000008 b aptChainloadTid
001290a8 00001000 b aptParameters
0012a0a8 00000004 b aptFlags
0012a0ac 00000001 b aptHomeButtonState
0012a0b0 00000004 b aptMessageFuncData
0012a0b4 00000004 b aptMessageFunc
0012a0b8 0000000c b aptFirstHook
0012a0c4 00000001 b aptEventHandlerThreadQuit
0012a0c8 00000004 b aptEventHandlerThread
0012a0cc 00000008 b aptSleepEvent
0012a0d4 00000008 b aptReceiveEvent
0012a0dc 00000008 b aptEvents
0012a0e4 00000004 b aptLockHandle
0012a0e8 00000004 b aptRefCount
0012a0ec 00000004 B __system_retAddr
0012a0f0 00000004 B __system_argv
0012a0f4 00000004 B __system_argc
0012a0f8 b saved_stack
0012a100 00000008 b sVramPoolB
0012a108 00000008 b sVramPoolA
0012a110 0000000c b sAddrMap
0012a120 00000008 b sLinearPool
0012a128 0000000c b sAddrMap
0012a134 00000004 b arbiter
0012a138 00000001 V __ctru_speedup
0012a13c 00000004 B __3dslink_host
0012a140 00000004 b srvRefCount
0012a144 00000004 b srvHandle
0012a148 00000004 b currentAddr
0012a14c 00000004 b maxAddr
0012a150 00000004 b minAddr
0012a154 00000004 b irrstRefCount
0012a158 00000004 b csPos
0012a15c 00000004 b kHeld
0012a160 00000004 B irrstSharedMem
0012a164 00000004 B irrstEvent
0012a168 00000004 B irrstMemHandle
0012a16c 00000004 B irrstHandle
0012a170 00000004 b srvPmHandle
0012a174 00000004 b ptmSysmRefCount
0012a178 00000004 b ptmSysmHandle
0012a17c 00000004 V __ctru_linear_heap_size
0012a180 00000004 V __ctru_heap_size
0012a184 00000004 B __ctru_linear_heap
0012a188 00000004 B __ctru_heap
0012a190 000005c0 b archive_devices
0012a750 00000004 b archive_device_cwd
0012a754 00000001 b archive_initialized
0012a758 00000080 b fsExemptArchives
0012a7d8 00000004 b fsuRefCount
0012a7dc 00000004 b fsuHandle
0012a7e0 00000028 B __malloc_current_mallinfo
0012a808 00000004 B __malloc_max_total_mem
0012a80c 00000004 B __malloc_max_sbrked_mem
0012a810 00000004 B __malloc_top_pad
0012a814 0000000c b __malloc_recursive_mutex
0012a820 0000000c b __sfp_recursive_mutex
0012a830 00000168 B __sf
0012a998 00000004 B __stdio_exit_handler
0012a99c 00000400 b temp_cwd
0012ad9c 00000004 b __hndl_lock
0012ada0 00000004 B fake_heap_start
0012ada4 00000004 B fake_heap_end
0012ada8 00000004 b heap_start.0
0012adac B __tls_start
0012b9b4 B __bss_end__
0012b9b4 A __end__
0012b9b4 B __tls_end
